2025-02-28T14:43:38.290+05:30  INFO 18540 --- [spring_payroll_App] [restartedMain] c.b.s.EmployeePayrollAppApplication      : Starting EmployeePayrollAppApplication using Java 23.0.1 with PID 18540 (D:\spring_payroll_App\spring_payroll_App\target\classes started by Hp in D:\spring_payroll_App\spring_payroll_App)
2025-02-28T14:43:38.298+05:30 DEBUG 18540 --- [spring_payroll_App] [restartedMain] c.b.s.EmployeePayrollAppApplication      : Running with Spring Boot v3.4.3, Spring v6.2.3
2025-02-28T14:43:38.299+05:30  INFO 18540 --- [spring_payroll_App] [restartedMain] c.b.s.EmployeePayrollAppApplication      : The following 1 profile is active: "dev"
2025-02-28T14:43:40.129+05:30  WARN 18540 --- [spring_payroll_App] [restartedMain] ion$DefaultTemplateResolverConfiguration : Cannot find template location: classpath:/templates/ (please add some templates, check your Thymeleaf configuration, or set spring.thymeleaf.check-template-location=false)
2025-02-28T14:43:40.292+05:30  INFO 18540 --- [spring_payroll_App] [restartedMain] c.b.s.EmployeePayrollAppApplication      : Started EmployeePayrollAppApplication in 2.674 seconds (process running for 3.842)
2025-02-28T14:43:40.298+05:30  INFO 18540 --- [spring_payroll_App] [restartedMain] c.b.s.EmployeePayrollAppApplication      : Employee Payroll App Started in null Environment
2025-02-28T15:06:35.489+05:30  INFO 18540 --- [spring_payroll_App] [restartedMain] c.b.s.EmployeePayrollAppApplication      : Starting EmployeePayrollAppApplication using Java 23.0.1 with PID 18540 (D:\spring_payroll_App\spring_payroll_App\target\classes started by Hp in D:\spring_payroll_App\spring_payroll_App)
2025-02-28T15:06:35.490+05:30 DEBUG 18540 --- [spring_payroll_App] [restartedMain] c.b.s.EmployeePayrollAppApplication      : Running with Spring Boot v3.4.3, Spring v6.2.3
2025-02-28T15:06:35.490+05:30  INFO 18540 --- [spring_payroll_App] [restartedMain] c.b.s.EmployeePayrollAppApplication      : The following 1 profile is active: "dev"
2025-02-28T15:06:35.913+05:30  WARN 18540 --- [spring_payroll_App] [restartedMain] ion$DefaultTemplateResolverConfiguration : Cannot find template location: classpath:/templates/ (please add some templates, check your Thymeleaf configuration, or set spring.thymeleaf.check-template-location=false)
2025-02-28T15:06:35.965+05:30  INFO 18540 --- [spring_payroll_App] [restartedMain] c.b.s.EmployeePayrollAppApplication      : Started EmployeePayrollAppApplication in 0.522 seconds (process running for 1379.515)
2025-02-28T15:06:35.969+05:30  INFO 18540 --- [spring_payroll_App] [restartedMain] c.b.s.EmployeePayrollAppApplication      : Employee Payroll App Started in null Environment
2025-02-28T15:09:59.841+05:30  INFO 5648 --- [spring_payroll_App] [restartedMain] c.b.s.EmployeePayrollAppApplication      : Starting EmployeePayrollAppApplication using Java 23.0.1 with PID 5648 (D:\spring_payroll_App\spring_payroll_App\target\classes started by Hp in D:\spring_payroll_App\spring_payroll_App)
2025-02-28T15:09:59.854+05:30 DEBUG 5648 --- [spring_payroll_App] [restartedMain] c.b.s.EmployeePayrollAppApplication      : Running with Spring Boot v3.4.3, Spring v6.2.3
2025-02-28T15:09:59.855+05:30  INFO 5648 --- [spring_payroll_App] [restartedMain] c.b.s.EmployeePayrollAppApplication      : The following 1 profile is active: "dev"
2025-02-28T15:10:01.567+05:30  WARN 5648 --- [spring_payroll_App] [restartedMain] ion$DefaultTemplateResolverConfiguration : Cannot find template location: classpath:/templates/ (please add some templates, check your Thymeleaf configuration, or set spring.thymeleaf.check-template-location=false)
2025-02-28T15:10:01.730+05:30  INFO 5648 --- [spring_payroll_App] [restartedMain] c.b.s.EmployeePayrollAppApplication      : Started EmployeePayrollAppApplication in 2.429 seconds (process running for 3.513)
2025-02-28T15:10:01.736+05:30  INFO 5648 --- [spring_payroll_App] [restartedMain] c.b.s.EmployeePayrollAppApplication      : Employee Payroll App Started in null Environment
2025-02-28T15:10:01.738+05:30  INFO 5648 --- [spring_payroll_App] [restartedMain] c.b.s.EmployeePayrollAppApplication      : Employee Payroll DB User is payrolluser
2025-02-28T15:45:42.283+05:30  INFO 3804 --- [spring_payroll_App] [restartedMain] c.b.s.EmployeePayrollAppApplication      : Starting EmployeePayrollAppApplication using Java 23.0.1 with PID 3804 (D:\spring_payroll_App\spring_payroll_App\target\classes started by Hp in D:\spring_payroll_App\spring_payroll_App)
2025-02-28T15:45:42.288+05:30 DEBUG 3804 --- [spring_payroll_App] [restartedMain] c.b.s.EmployeePayrollAppApplication      : Running with Spring Boot v3.4.3, Spring v6.2.3
2025-02-28T15:45:42.289+05:30  INFO 3804 --- [spring_payroll_App] [restartedMain] c.b.s.EmployeePayrollAppApplication      : The following 1 profile is active: "dev"
2025-02-28T15:50:35.785+05:30  INFO 15548 --- [spring_payroll_App] [restartedMain] c.b.s.EmployeePayrollAppApplication      : Starting EmployeePayrollAppApplication using Java 23.0.1 with PID 15548 (D:\spring_payroll_App\spring_payroll_App\target\classes started by Hp in D:\spring_payroll_App\spring_payroll_App)
2025-02-28T15:50:35.789+05:30 DEBUG 15548 --- [spring_payroll_App] [restartedMain] c.b.s.EmployeePayrollAppApplication      : Running with Spring Boot v3.4.3, Spring v6.2.3
2025-02-28T15:50:35.791+05:30  INFO 15548 --- [spring_payroll_App] [restartedMain] c.b.s.EmployeePayrollAppApplication      : The following 1 profile is active: "dev"
2025-02-28T16:12:21.807+05:30  INFO 1812 --- [spring_payroll_App] [restartedMain] c.b.s.EmployeePayrollAppApplication      : Starting EmployeePayrollAppApplication using Java 23.0.1 with PID 1812 (D:\spring_payroll_App\spring_payroll_App\target\classes started by Hp in D:\spring_payroll_App\spring_payroll_App)
2025-02-28T16:12:21.811+05:30 DEBUG 1812 --- [spring_payroll_App] [restartedMain] c.b.s.EmployeePayrollAppApplication      : Running with Spring Boot v3.4.3, Spring v6.2.3
2025-02-28T16:12:21.813+05:30  INFO 1812 --- [spring_payroll_App] [restartedMain] c.b.s.EmployeePayrollAppApplication      : The following 1 profile is active: "dev"
2025-02-28T16:12:23.460+05:30  WARN 1812 --- [spring_payroll_App] [restartedMain] ion$DefaultTemplateResolverConfiguration : Cannot find template location: classpath:/templates/ (please add some templates, check your Thymeleaf configuration, or set spring.thymeleaf.check-template-location=false)
2025-02-28T16:12:23.642+05:30  INFO 1812 --- [spring_payroll_App] [restartedMain] c.b.s.EmployeePayrollAppApplication      : Started EmployeePayrollAppApplication in 2.345 seconds (process running for 3.257)
2025-02-28T16:12:23.647+05:30  INFO 1812 --- [spring_payroll_App] [restartedMain] c.b.s.EmployeePayrollAppApplication      : Employee Payroll App Started in null Environment
2025-02-28T16:12:23.649+05:30  INFO 1812 --- [spring_payroll_App] [restartedMain] c.b.s.EmployeePayrollAppApplication      : Employee Payroll DB User is payrolluser
2025-02-28T16:15:09.025+05:30  INFO 1812 --- [spring_payroll_App] [restartedMain] c.b.s.EmployeePayrollAppApplication      : Starting EmployeePayrollAppApplication using Java 23.0.1 with PID 1812 (D:\spring_payroll_App\spring_payroll_App\target\classes started by Hp in D:\spring_payroll_App\spring_payroll_App)
2025-02-28T16:15:09.026+05:30 DEBUG 1812 --- [spring_payroll_App] [restartedMain] c.b.s.EmployeePayrollAppApplication      : Running with Spring Boot v3.4.3, Spring v6.2.3
2025-02-28T16:15:09.026+05:30  INFO 1812 --- [spring_payroll_App] [restartedMain] c.b.s.EmployeePayrollAppApplication      : The following 1 profile is active: "dev"
2025-02-28T16:15:09.365+05:30  WARN 1812 --- [spring_payroll_App] [restartedMain] ion$DefaultTemplateResolverConfiguration : Cannot find template location: classpath:/templates/ (please add some templates, check your Thymeleaf configuration, or set spring.thymeleaf.check-template-location=false)
2025-02-28T16:15:09.402+05:30  INFO 1812 --- [spring_payroll_App] [restartedMain] c.b.s.EmployeePayrollAppApplication      : Started EmployeePayrollAppApplication in 0.418 seconds (process running for 169.017)
2025-02-28T16:15:09.405+05:30  INFO 1812 --- [spring_payroll_App] [restartedMain] c.b.s.EmployeePayrollAppApplication      : Employee Payroll App Started in null Environment
2025-02-28T16:15:09.406+05:30  INFO 1812 --- [spring_payroll_App] [restartedMain] c.b.s.EmployeePayrollAppApplication      : Employee Payroll DB User is payrolluser
2025-02-28T16:15:15.428+05:30  INFO 20592 --- [spring_payroll_App] [restartedMain] c.b.s.EmployeePayrollAppApplication      : Starting EmployeePayrollAppApplication using Java 23.0.1 with PID 20592 (D:\spring_payroll_App\spring_payroll_App\target\classes started by Hp in D:\spring_payroll_App\spring_payroll_App)
2025-02-28T16:15:15.433+05:30 DEBUG 20592 --- [spring_payroll_App] [restartedMain] c.b.s.EmployeePayrollAppApplication      : Running with Spring Boot v3.4.3, Spring v6.2.3
2025-02-28T16:15:15.434+05:30  INFO 20592 --- [spring_payroll_App] [restartedMain] c.b.s.EmployeePayrollAppApplication      : The following 1 profile is active: "dev"
2025-02-28T16:15:16.974+05:30  WARN 20592 --- [spring_payroll_App] [restartedMain] ion$DefaultTemplateResolverConfiguration : Cannot find template location: classpath:/templates/ (please add some templates, check your Thymeleaf configuration, or set spring.thymeleaf.check-template-location=false)
2025-02-28T16:15:17.101+05:30  INFO 20592 --- [spring_payroll_App] [restartedMain] c.b.s.EmployeePayrollAppApplication      : Started EmployeePayrollAppApplication in 2.189 seconds (process running for 3.077)
2025-02-28T16:15:17.106+05:30  INFO 20592 --- [spring_payroll_App] [restartedMain] c.b.s.EmployeePayrollAppApplication      : Employee Payroll App Started in null Environment
2025-02-28T16:15:17.109+05:30  INFO 20592 --- [spring_payroll_App] [restartedMain] c.b.s.EmployeePayrollAppApplication      : Employee Payroll DB User is payrolluser
